INFO:root:Num train samples 18232
INFO:root:Num val samples 2026
WARNING:tensorflow:From /home/asprohy/anaconda3/lib/python3.7/site-packages/tensorflow/python/framework/op_def_library.py:263: colocate_with (from tensorflow.python.framework.ops) is deprecated and will be removed in a future version.
Instructions for updating:
Colocations handled automatically by placer.
INFO:root:Starting training
INFO:root:Epoch 1/10
WARNING:tensorflow:From /home/asprohy/anaconda3/lib/python3.7/site-packages/tensorflow/python/ops/math_ops.py:3066: to_int32 (from tensorflow.python.ops.math_ops) is deprecated and will be removed in a future version.
Instructions for updating:
Use tf.cast instead.
INFO:root:Average number of overlapping bounding boxes from RPN = 0.4 for 5 previous iterations
INFO:root:Average number of overlapping bounding boxes from RPN = 0.6 for 5 previous iterations
INFO:root:Average number of overlapping bounding boxes from RPN = 0.0 for 5 previous iterations
INFO:root:RPN is not producing bounding boxes that overlap the ground truth boxes. Check RPN settings or keep training.
INFO:root:Average number of overlapping bounding boxes from RPN = 0.2 for 5 previous iterations
INFO:root:Num train samples 18232
INFO:root:Num val samples 2026
WARNING:tensorflow:From /home/asprohy/anaconda3/lib/python3.7/site-packages/tensorflow/python/framework/op_def_library.py:263: colocate_with (from tensorflow.python.framework.ops) is deprecated and will be removed in a future version.
Instructions for updating:
Colocations handled automatically by placer.
INFO:root:Starting training
INFO:root:Epoch 1/20
WARNING:tensorflow:From /home/asprohy/anaconda3/lib/python3.7/site-packages/tensorflow/python/ops/math_ops.py:3066: to_int32 (from tensorflow.python.ops.math_ops) is deprecated and will be removed in a future version.
Instructions for updating:
Use tf.cast instead.
INFO:root:Num train samples 18232
INFO:root:Num val samples 2026
WARNING:tensorflow:From /home/asprohy/anaconda3/lib/python3.7/site-packages/tensorflow/python/framework/op_def_library.py:263: colocate_with (from tensorflow.python.framework.ops) is deprecated and will be removed in a future version.
Instructions for updating:
Colocations handled automatically by placer.
INFO:root:Starting training
INFO:root:Epoch 1/20
INFO:root:Num train samples 18232
INFO:root:Num val samples 2026
WARNING:tensorflow:From /home/asprohy/anaconda3/lib/python3.7/site-packages/tensorflow/python/framework/op_def_library.py:263: colocate_with (from tensorflow.python.framework.ops) is deprecated and will be removed in a future version.
Instructions for updating:
Colocations handled automatically by placer.
INFO:root:Starting training
INFO:root:Epoch 1/20
WARNING:tensorflow:From /home/asprohy/anaconda3/lib/python3.7/site-packages/tensorflow/python/ops/math_ops.py:3066: to_int32 (from tensorflow.python.ops.math_ops) is deprecated and will be removed in a future version.
Instructions for updating:
Use tf.cast instead.
INFO:root:Num train samples 18232
INFO:root:Num val samples 2026
WARNING:tensorflow:From /home/asprohy/anaconda3/lib/python3.7/site-packages/tensorflow/python/framework/op_def_library.py:263: colocate_with (from tensorflow.python.framework.ops) is deprecated and will be removed in a future version.
Instructions for updating:
Colocations handled automatically by placer.
INFO:root:Starting training
INFO:root:Epoch 1/20
WARNING:tensorflow:From /home/asprohy/anaconda3/lib/python3.7/site-packages/tensorflow/python/ops/math_ops.py:3066: to_int32 (from tensorflow.python.ops.math_ops) is deprecated and will be removed in a future version.
Instructions for updating:
Use tf.cast instead.
INFO:root:Num train samples 18232
INFO:root:Num val samples 2026
WARNING:tensorflow:From /home/asprohy/anaconda3/lib/python3.7/site-packages/tensorflow/python/framework/op_def_library.py:263: colocate_with (from tensorflow.python.framework.ops) is deprecated and will be removed in a future version.
Instructions for updating:
Colocations handled automatically by placer.
INFO:root:Starting training
INFO:root:Epoch 1/20
WARNING:tensorflow:From /home/asprohy/anaconda3/lib/python3.7/site-packages/tensorflow/python/ops/math_ops.py:3066: to_int32 (from tensorflow.python.ops.math_ops) is deprecated and will be removed in a future version.
Instructions for updating:
Use tf.cast instead.
INFO:root:Num train samples 18232
INFO:root:Num val samples 2026
WARNING:tensorflow:From /home/asprohy/anaconda3/lib/python3.7/site-packages/tensorflow/python/framework/op_def_library.py:263: colocate_with (from tensorflow.python.framework.ops) is deprecated and will be removed in a future version.
Instructions for updating:
Colocations handled automatically by placer.
INFO:root:Starting training
INFO:root:Epoch 1/20
WARNING:tensorflow:From /home/asprohy/anaconda3/lib/python3.7/site-packages/tensorflow/python/ops/math_ops.py:3066: to_int32 (from tensorflow.python.ops.math_ops) is deprecated and will be removed in a future version.
Instructions for updating:
Use tf.cast instead.
INFO:root:Num train samples 18232
INFO:root:Num val samples 2026
WARNING:tensorflow:From /home/asprohy/anaconda3/lib/python3.7/site-packages/tensorflow/python/framework/op_def_library.py:263: colocate_with (from tensorflow.python.framework.ops) is deprecated and will be removed in a future version.
Instructions for updating:
Colocations handled automatically by placer.
INFO:root:Starting training
INFO:root:Epoch 1/20
WARNING:tensorflow:From /home/asprohy/anaconda3/lib/python3.7/site-packages/tensorflow/python/ops/math_ops.py:3066: to_int32 (from tensorflow.python.ops.math_ops) is deprecated and will be removed in a future version.
Instructions for updating:
Use tf.cast instead.
INFO:root:Average number of overlapping bounding boxes from RPN = 0.402 for 500 previous iterations
INFO:root:Average number of overlapping bounding boxes from RPN = 0.442 for 500 previous iterations
INFO:root:Average number of overlapping bounding boxes from RPN = 0.394 for 500 previous iterations
INFO:root:Average number of overlapping bounding boxes from RPN = 0.354 for 500 previous iterations
INFO:root:Average number of overlapping bounding boxes from RPN = 0.382 for 500 previous iterations
INFO:root:Average number of overlapping bounding boxes from RPN = 0.364 for 500 previous iterations
INFO:root:Average number of overlapping bounding boxes from RPN = 0.402 for 500 previous iterations
INFO:root:Average number of overlapping bounding boxes from RPN = 0.35 for 500 previous iterations
INFO:root:Average number of overlapping bounding boxes from RPN = 0.392 for 500 previous iterations
INFO:root:Average number of overlapping bounding boxes from RPN = 0.334 for 500 previous iterations
INFO:root:Mean number of bounding boxes from RPN overlapping ground truth boxes: 0.3816247582205029
INFO:root:Classifier accuracy for bounding boxes from RPN: 0.833
INFO:root:Loss RPN classifier: 0.6234808293973454
INFO:root:Loss RPN regression: 0.0042641402053923225
INFO:root:Loss Detector classifier: 0.6812511347876249
INFO:root:Loss Detector regression: 0.15055399769125508
INFO:root:Elapsed time: 3023.6298265457153
INFO:root:Total loss decreased from inf to 1.4595501020816177, saving weights
INFO:root:Epoch 2/20
INFO:root:Average number of overlapping bounding boxes from RPN = 0.304 for 500 previous iterations
INFO:root:Average number of overlapping bounding boxes from RPN = 0.292 for 500 previous iterations
INFO:root:Average number of overlapping bounding boxes from RPN = 0.36 for 500 previous iterations
INFO:root:Average number of overlapping bounding boxes from RPN = 0.366 for 500 previous iterations
INFO:root:Average number of overlapping bounding boxes from RPN = 0.316 for 500 previous iterations
INFO:root:Average number of overlapping bounding boxes from RPN = 0.418 for 500 previous iterations
INFO:root:Average number of overlapping bounding boxes from RPN = 0.39 for 500 previous iterations
INFO:root:Average number of overlapping bounding boxes from RPN = 0.358 for 500 previous iterations
INFO:root:Average number of overlapping bounding boxes from RPN = 0.35 for 500 previous iterations
INFO:root:Average number of overlapping bounding boxes from RPN = 0.38 for 500 previous iterations
INFO:root:Average number of overlapping bounding boxes from RPN = 0.312 for 500 previous iterations
INFO:root:Mean number of bounding boxes from RPN overlapping ground truth boxes: 0.3486206290634335
INFO:root:Classifier accuracy for bounding boxes from RPN: 0.84025
INFO:root:Loss RPN classifier: 0.5258268925375711
INFO:root:Loss RPN regression: 0.0036265926245687297
INFO:root:Loss Detector classifier: 0.620462461619457
INFO:root:Loss Detector regression: 0.14144220166793092
INFO:root:Elapsed time: 3324.8067240715027
INFO:root:Total loss decreased from 1.4595501020816177 to 1.2913581484495276, saving weights
INFO:root:Epoch 3/20
INFO:root:Average number of overlapping bounding boxes from RPN = 0.346 for 500 previous iterations
INFO:root:Average number of overlapping bounding boxes from RPN = 0.382 for 500 previous iterations
INFO:root:Average number of overlapping bounding boxes from RPN = 0.342 for 500 previous iterations
INFO:root:Average number of overlapping bounding boxes from RPN = 0.338 for 500 previous iterations
INFO:root:Average number of overlapping bounding boxes from RPN = 0.362 for 500 previous iterations
INFO:root:Average number of overlapping bounding boxes from RPN = 0.374 for 500 previous iterations
INFO:root:Average number of overlapping bounding boxes from RPN = 0.344 for 500 previous iterations
INFO:root:Average number of overlapping bounding boxes from RPN = 0.354 for 500 previous iterations
INFO:root:Average number of overlapping bounding boxes from RPN = 0.344 for 500 previous iterations
INFO:root:Average number of overlapping bounding boxes from RPN = 0.39 for 500 previous iterations
INFO:root:Mean number of bounding boxes from RPN overlapping ground truth boxes: 0.3609271523178808
INFO:root:Classifier accuracy for bounding boxes from RPN: 0.8435
INFO:root:Loss RPN classifier: 0.5408512392308258
INFO:root:Loss RPN regression: 0.003894698507843714
INFO:root:Loss Detector classifier: 0.6378483061728567
INFO:root:Loss Detector regression: 0.1347680354330223
INFO:root:Elapsed time: 3147.115964651108
INFO:root:Epoch 4/20
INFO:root:Average number of overlapping bounding boxes from RPN = 0.382 for 500 previous iterations
INFO:root:Average number of overlapping bounding boxes from RPN = 0.308 for 500 previous iterations
INFO:root:Average number of overlapping bounding boxes from RPN = 0.386 for 500 previous iterations
INFO:root:Average number of overlapping bounding boxes from RPN = 0.374 for 500 previous iterations
INFO:root:Average number of overlapping bounding boxes from RPN = 0.346 for 500 previous iterations
INFO:root:Average number of overlapping bounding boxes from RPN = 0.364 for 500 previous iterations
INFO:root:Average number of overlapping bounding boxes from RPN = 0.334 for 500 previous iterations
INFO:root:Average number of overlapping bounding boxes from RPN = 0.306 for 500 previous iterations
INFO:root:Average number of overlapping bounding boxes from RPN = 0.326 for 500 previous iterations
INFO:root:Average number of overlapping bounding boxes from RPN = 0.336 for 500 previous iterations
INFO:root:Average number of overlapping bounding boxes from RPN = 0.34 for 500 previous iterations
INFO:root:Average number of overlapping bounding boxes from RPN = 0.332 for 500 previous iterations
INFO:root:Mean number of bounding boxes from RPN overlapping ground truth boxes: 0.3406060606060606
INFO:root:Classifier accuracy for bounding boxes from RPN: 0.849
INFO:root:Loss RPN classifier: 0.7511812872071403
INFO:root:Loss RPN regression: 0.0033486051026193307
INFO:root:Loss Detector classifier: 0.6000695052581086
INFO:root:Loss Detector regression: 0.11509191964106867
INFO:root:Elapsed time: 3601.804411649704
INFO:root:Epoch 5/20
INFO:root:Average number of overlapping bounding boxes from RPN = 0.356 for 500 previous iterations
INFO:root:Average number of overlapping bounding boxes from RPN = 0.364 for 500 previous iterations
INFO:root:Average number of overlapping bounding boxes from RPN = 0.308 for 500 previous iterations
INFO:root:Average number of overlapping bounding boxes from RPN = 0.36 for 500 previous iterations
INFO:root:Average number of overlapping bounding boxes from RPN = 0.316 for 500 previous iterations
INFO:root:Average number of overlapping bounding boxes from RPN = 0.358 for 500 previous iterations
INFO:root:Average number of overlapping bounding boxes from RPN = 0.392 for 500 previous iterations
INFO:root:Average number of overlapping bounding boxes from RPN = 0.376 for 500 previous iterations
INFO:root:Average number of overlapping bounding boxes from RPN = 0.386 for 500 previous iterations
INFO:root:Average number of overlapping bounding boxes from RPN = 0.338 for 500 previous iterations
INFO:root:Mean number of bounding boxes from RPN overlapping ground truth boxes: 0.3565200542530517
INFO:root:Classifier accuracy for bounding boxes from RPN: 0.84775
INFO:root:Loss RPN classifier: 0.6910867859943973
INFO:root:Loss RPN regression: 0.003347919730727881
INFO:root:Loss Detector classifier: 0.5906785447986039
INFO:root:Loss Detector regression: 0.13260180968802887
INFO:root:Elapsed time: 3221.021397829056
INFO:root:Epoch 6/20
INFO:root:Average number of overlapping bounding boxes from RPN = 0.344 for 500 previous iterations
INFO:root:Average number of overlapping bounding boxes from RPN = 0.34 for 500 previous iterations
INFO:root:Average number of overlapping bounding boxes from RPN = 0.368 for 500 previous iterations
INFO:root:Average number of overlapping bounding boxes from RPN = 0.354 for 500 previous iterations
INFO:root:Average number of overlapping bounding boxes from RPN = 0.356 for 500 previous iterations
INFO:root:Average number of overlapping bounding boxes from RPN = 0.348 for 500 previous iterations
INFO:root:Average number of overlapping bounding boxes from RPN = 0.354 for 500 previous iterations
INFO:root:Average number of overlapping bounding boxes from RPN = 0.338 for 500 previous iterations
INFO:root:Average number of overlapping bounding boxes from RPN = 0.354 for 500 previous iterations
INFO:root:Average number of overlapping bounding boxes from RPN = 0.356 for 500 previous iterations
INFO:root:Average number of overlapping bounding boxes from RPN = 0.322 for 500 previous iterations
INFO:root:Average number of overlapping bounding boxes from RPN = 0.348 for 500 previous iterations
INFO:root:Mean number of bounding boxes from RPN overlapping ground truth boxes: 0.35031322123310255
INFO:root:Classifier accuracy for bounding boxes from RPN: 0.8385
INFO:root:Loss RPN classifier: 0.6835749456180186
INFO:root:Loss RPN regression: 0.0031161312567419375
INFO:root:Loss Detector classifier: 0.6306569666526716
INFO:root:Loss Detector regression: 0.11885432937560836
INFO:root:Elapsed time: 3778.5152583122253
INFO:root:Epoch 7/20
INFO:root:Average number of overlapping bounding boxes from RPN = 0.376 for 500 previous iterations
INFO:root:Average number of overlapping bounding boxes from RPN = 0.356 for 500 previous iterations
INFO:root:Average number of overlapping bounding boxes from RPN = 0.38 for 500 previous iterations
INFO:root:Average number of overlapping bounding boxes from RPN = 0.362 for 500 previous iterations
INFO:root:Average number of overlapping bounding boxes from RPN = 0.394 for 500 previous iterations
INFO:root:Average number of overlapping bounding boxes from RPN = 0.392 for 500 previous iterations
INFO:root:Average number of overlapping bounding boxes from RPN = 0.382 for 500 previous iterations
INFO:root:Average number of overlapping bounding boxes from RPN = 0.302 for 500 previous iterations
INFO:root:Average number of overlapping bounding boxes from RPN = 0.384 for 500 previous iterations
INFO:root:Average number of overlapping bounding boxes from RPN = 0.332 for 500 previous iterations
INFO:root:Average number of overlapping bounding boxes from RPN = 0.344 for 500 previous iterations
INFO:root:Mean number of bounding boxes from RPN overlapping ground truth boxes: 0.3612781954887218
INFO:root:Classifier accuracy for bounding boxes from RPN: 0.84475
INFO:root:Loss RPN classifier: 0.5633859569515635
INFO:root:Loss RPN regression: 0.0035194177626690364
INFO:root:Loss Detector classifier: 0.5983815779465995
INFO:root:Loss Detector regression: 0.1251542217899696
INFO:root:Elapsed time: 3319.3298029899597
INFO:root:Total loss decreased from 1.2913581484495276 to 1.2904411744508018, saving weights
INFO:root:Epoch 8/20
INFO:root:Average number of overlapping bounding boxes from RPN = 0.312 for 500 previous iterations
INFO:root:Average number of overlapping bounding boxes from RPN = 0.374 for 500 previous iterations
INFO:root:Average number of overlapping bounding boxes from RPN = 0.352 for 500 previous iterations
INFO:root:Average number of overlapping bounding boxes from RPN = 0.354 for 500 previous iterations
INFO:root:Average number of overlapping bounding boxes from RPN = 0.368 for 500 previous iterations
INFO:root:Average number of overlapping bounding boxes from RPN = 0.298 for 500 previous iterations
INFO:root:Average number of overlapping bounding boxes from RPN = 0.372 for 500 previous iterations
INFO:root:Average number of overlapping bounding boxes from RPN = 0.33 for 500 previous iterations
INFO:root:Average number of overlapping bounding boxes from RPN = 0.382 for 500 previous iterations
INFO:root:Average number of overlapping bounding boxes from RPN = 0.336 for 500 previous iterations
INFO:root:Average number of overlapping bounding boxes from RPN = 0.332 for 500 previous iterations
INFO:root:Average number of overlapping bounding boxes from RPN = 0.364 for 500 previous iterations
INFO:root:Mean number of bounding boxes from RPN overlapping ground truth boxes: 0.34774305555555557
INFO:root:Classifier accuracy for bounding boxes from RPN: 0.8465
INFO:root:Loss RPN classifier: 0.518316257478635
INFO:root:Loss RPN regression: 0.003350998283287481
INFO:root:Loss Detector classifier: 0.5711463636986351
INFO:root:Loss Detector regression: 0.10938585341803264
INFO:root:Elapsed time: 3584.3533833026886
INFO:root:Total loss decreased from 1.2904411744508018 to 1.2021994728785903, saving weights
INFO:root:Epoch 9/20
INFO:root:Average number of overlapping bounding boxes from RPN = 0.404 for 500 previous iterations
INFO:root:Average number of overlapping bounding boxes from RPN = 0.38 for 500 previous iterations
INFO:root:Average number of overlapping bounding boxes from RPN = 0.358 for 500 previous iterations
INFO:root:Average number of overlapping bounding boxes from RPN = 0.352 for 500 previous iterations
INFO:root:Average number of overlapping bounding boxes from RPN = 0.342 for 500 previous iterations
INFO:root:Average number of overlapping bounding boxes from RPN = 0.36 for 500 previous iterations
INFO:root:Average number of overlapping bounding boxes from RPN = 0.41 for 500 previous iterations
INFO:root:Average number of overlapping bounding boxes from RPN = 0.342 for 500 previous iterations
INFO:root:Average number of overlapping bounding boxes from RPN = 0.338 for 500 previous iterations
INFO:root:Average number of overlapping bounding boxes from RPN = 0.348 for 500 previous iterations
INFO:root:Mean number of bounding boxes from RPN overlapping ground truth boxes: 0.36134771909899677
INFO:root:Classifier accuracy for bounding boxes from RPN: 0.85025
INFO:root:Loss RPN classifier: 0.6159686288956694
INFO:root:Loss RPN regression: 0.0035368340870190877
INFO:root:Loss Detector classifier: 0.551128683295141
INFO:root:Loss Detector regression: 0.09466243378631771
INFO:root:Elapsed time: 3298.203490972519
INFO:root:Epoch 10/20
INFO:root:Average number of overlapping bounding boxes from RPN = 0.366 for 500 previous iterations
INFO:root:Average number of overlapping bounding boxes from RPN = 0.32 for 500 previous iterations
INFO:root:Average number of overlapping bounding boxes from RPN = 0.376 for 500 previous iterations
INFO:root:Average number of overlapping bounding boxes from RPN = 0.372 for 500 previous iterations
INFO:root:Average number of overlapping bounding boxes from RPN = 0.342 for 500 previous iterations
INFO:root:Average number of overlapping bounding boxes from RPN = 0.358 for 500 previous iterations
INFO:root:Average number of overlapping bounding boxes from RPN = 0.336 for 500 previous iterations
INFO:root:Average number of overlapping bounding boxes from RPN = 0.328 for 500 previous iterations
INFO:root:Average number of overlapping bounding boxes from RPN = 0.386 for 500 previous iterations
INFO:root:Average number of overlapping bounding boxes from RPN = 0.36 for 500 previous iterations
INFO:root:Average number of overlapping bounding boxes from RPN = 0.406 for 500 previous iterations
INFO:root:Average number of overlapping bounding boxes from RPN = 0.324 for 500 previous iterations
INFO:root:Mean number of bounding boxes from RPN overlapping ground truth boxes: 0.3589698668535389
INFO:root:Classifier accuracy for bounding boxes from RPN: 0.8485
INFO:root:Loss RPN classifier: 0.6234804409135131
INFO:root:Loss RPN regression: 0.0040578453903217454
INFO:root:Loss Detector classifier: 0.5912449259210479
INFO:root:Loss Detector regression: 0.11384912864759099
INFO:root:Elapsed time: 3552.0439641475677
INFO:root:Epoch 11/20
INFO:root:Average number of overlapping bounding boxes from RPN = 0.334 for 500 previous iterations
INFO:root:Average number of overlapping bounding boxes from RPN = 0.34 for 500 previous iterations
INFO:root:Average number of overlapping bounding boxes from RPN = 0.356 for 500 previous iterations
INFO:root:Average number of overlapping bounding boxes from RPN = 0.358 for 500 previous iterations
INFO:root:Average number of overlapping bounding boxes from RPN = 0.314 for 500 previous iterations
INFO:root:Average number of overlapping bounding boxes from RPN = 0.328 for 500 previous iterations
INFO:root:Average number of overlapping bounding boxes from RPN = 0.37 for 500 previous iterations
INFO:root:Average number of overlapping bounding boxes from RPN = 0.354 for 500 previous iterations
INFO:root:Average number of overlapping bounding boxes from RPN = 0.37 for 500 previous iterations
INFO:root:Average number of overlapping bounding boxes from RPN = 0.388 for 500 previous iterations
INFO:root:Mean number of bounding boxes from RPN overlapping ground truth boxes: 0.3490566037735849
INFO:root:Classifier accuracy for bounding boxes from RPN: 0.84775
INFO:root:Loss RPN classifier: 0.6309923803741246
INFO:root:Loss RPN regression: 0.0028740725849293086
INFO:root:Loss Detector classifier: 0.5886606089153288
INFO:root:Loss Detector regression: 0.09493599739763886
INFO:root:Elapsed time: 3306.8221867084503
INFO:root:Epoch 12/20
INFO:root:Average number of overlapping bounding boxes from RPN = 0.352 for 500 previous iterations
INFO:root:Average number of overlapping bounding boxes from RPN = 0.388 for 500 previous iterations
INFO:root:Average number of overlapping bounding boxes from RPN = 0.306 for 500 previous iterations
INFO:root:Average number of overlapping bounding boxes from RPN = 0.356 for 500 previous iterations
INFO:root:Average number of overlapping bounding boxes from RPN = 0.342 for 500 previous iterations
INFO:root:Average number of overlapping bounding boxes from RPN = 0.356 for 500 previous iterations
INFO:root:Average number of overlapping bounding boxes from RPN = 0.342 for 500 previous iterations
INFO:root:Average number of overlapping bounding boxes from RPN = 0.36 for 500 previous iterations
INFO:root:Average number of overlapping bounding boxes from RPN = 0.332 for 500 previous iterations
INFO:root:Average number of overlapping bounding boxes from RPN = 0.394 for 500 previous iterations
INFO:root:Average number of overlapping bounding boxes from RPN = 0.33 for 500 previous iterations
INFO:root:Average number of overlapping bounding boxes from RPN = 0.378 for 500 previous iterations
INFO:root:Mean number of bounding boxes from RPN overlapping ground truth boxes: 0.3518487535552953
INFO:root:Classifier accuracy for bounding boxes from RPN: 0.8465
INFO:root:Loss RPN classifier: 0.7286458131516356
INFO:root:Loss RPN regression: 0.0029107341404887846
INFO:root:Loss Detector classifier: 0.552868202126796
INFO:root:Loss Detector regression: 0.09528524983429816
INFO:root:Elapsed time: 3716.149025440216
INFO:root:Epoch 13/20
INFO:root:Average number of overlapping bounding boxes from RPN = 0.314 for 500 previous iterations
INFO:root:Average number of overlapping bounding boxes from RPN = 0.378 for 500 previous iterations
INFO:root:Average number of overlapping bounding boxes from RPN = 0.388 for 500 previous iterations
INFO:root:Average number of overlapping bounding boxes from RPN = 0.384 for 500 previous iterations
INFO:root:Average number of overlapping bounding boxes from RPN = 0.332 for 500 previous iterations
INFO:root:Average number of overlapping bounding boxes from RPN = 0.398 for 500 previous iterations
INFO:root:Average number of overlapping bounding boxes from RPN = 0.296 for 500 previous iterations
INFO:root:Average number of overlapping bounding boxes from RPN = 0.398 for 500 previous iterations
INFO:root:Average number of overlapping bounding boxes from RPN = 0.378 for 500 previous iterations
INFO:root:Average number of overlapping bounding boxes from RPN = 0.394 for 500 previous iterations
INFO:root:Average number of overlapping bounding boxes from RPN = 0.41 for 500 previous iterations
INFO:root:Average number of overlapping bounding boxes from RPN = 0.328 for 500 previous iterations
INFO:root:Mean number of bounding boxes from RPN overlapping ground truth boxes: 0.36940110719677904
INFO:root:Classifier accuracy for bounding boxes from RPN: 0.83475
INFO:root:Loss RPN classifier: 0.57840962305816
INFO:root:Loss RPN regression: 0.0034328453169218845
INFO:root:Loss Detector classifier: 0.6155834187618512
INFO:root:Loss Detector regression: 0.10780028836475686
INFO:root:Elapsed time: 3704.5274093151093
INFO:root:Epoch 14/20
INFO:root:Average number of overlapping bounding boxes from RPN = 0.352 for 500 previous iterations
INFO:root:Average number of overlapping bounding boxes from RPN = 0.384 for 500 previous iterations
INFO:root:Average number of overlapping bounding boxes from RPN = 0.358 for 500 previous iterations
INFO:root:Average number of overlapping bounding boxes from RPN = 0.354 for 500 previous iterations
INFO:root:Average number of overlapping bounding boxes from RPN = 0.354 for 500 previous iterations
INFO:root:Average number of overlapping bounding boxes from RPN = 0.358 for 500 previous iterations
INFO:root:Average number of overlapping bounding boxes from RPN = 0.366 for 500 previous iterations
INFO:root:Average number of overlapping bounding boxes from RPN = 0.376 for 500 previous iterations
INFO:root:Average number of overlapping bounding boxes from RPN = 0.4 for 500 previous iterations
INFO:root:Average number of overlapping bounding boxes from RPN = 0.384 for 500 previous iterations
INFO:root:Average number of overlapping bounding boxes from RPN = 0.376 for 500 previous iterations
INFO:root:Mean number of bounding boxes from RPN overlapping ground truth boxes: 0.3725806451612903
INFO:root:Classifier accuracy for bounding boxes from RPN: 0.84525
INFO:root:Loss RPN classifier: 0.5633859476771318
INFO:root:Loss RPN regression: 0.002850319777207915
INFO:root:Loss Detector classifier: 0.5773299610490394
INFO:root:Loss Detector regression: 0.08664167674526106
INFO:root:Elapsed time: 3474.238881111145
INFO:root:Epoch 15/20
INFO:root:Average number of overlapping bounding boxes from RPN = 0.402 for 500 previous iterations
INFO:root:Average number of overlapping bounding boxes from RPN = 0.36 for 500 previous iterations
INFO:root:Average number of overlapping bounding boxes from RPN = 0.392 for 500 previous iterations
INFO:root:Average number of overlapping bounding boxes from RPN = 0.36 for 500 previous iterations
INFO:root:Average number of overlapping bounding boxes from RPN = 0.354 for 500 previous iterations
INFO:root:Average number of overlapping bounding boxes from RPN = 0.352 for 500 previous iterations
INFO:root:Average number of overlapping bounding boxes from RPN = 0.37 for 500 previous iterations
INFO:root:Average number of overlapping bounding boxes from RPN = 0.354 for 500 previous iterations
INFO:root:Average number of overlapping bounding boxes from RPN = 0.362 for 500 previous iterations
INFO:root:Average number of overlapping bounding boxes from RPN = 0.34 for 500 previous iterations
INFO:root:Average number of overlapping bounding boxes from RPN = 0.306 for 500 previous iterations
INFO:root:Average number of overlapping bounding boxes from RPN = 0.374 for 500 previous iterations
INFO:root:Mean number of bounding boxes from RPN overlapping ground truth boxes: 0.3574468085106383
INFO:root:Classifier accuracy for bounding boxes from RPN: 0.8345
INFO:root:Loss RPN classifier: 0.6084568177907024
INFO:root:Loss RPN regression: 0.003110257545020431
INFO:root:Loss Detector classifier: 0.5951539278846926
INFO:root:Loss Detector regression: 0.09755337921742466
INFO:root:Elapsed time: 3506.416666030884
INFO:root:Epoch 16/20
INFO:root:Average number of overlapping bounding boxes from RPN = 0.35 for 500 previous iterations
INFO:root:Average number of overlapping bounding boxes from RPN = 0.398 for 500 previous iterations
INFO:root:Average number of overlapping bounding boxes from RPN = 0.328 for 500 previous iterations
INFO:root:Average number of overlapping bounding boxes from RPN = 0.38 for 500 previous iterations
INFO:root:Average number of overlapping bounding boxes from RPN = 0.38 for 500 previous iterations
INFO:root:Average number of overlapping bounding boxes from RPN = 0.378 for 500 previous iterations
INFO:root:Average number of overlapping bounding boxes from RPN = 0.358 for 500 previous iterations
INFO:root:Average number of overlapping bounding boxes from RPN = 0.346 for 500 previous iterations
INFO:root:Average number of overlapping bounding boxes from RPN = 0.288 for 500 previous iterations
INFO:root:Average number of overlapping bounding boxes from RPN = 0.284 for 500 previous iterations
INFO:root:Average number of overlapping bounding boxes from RPN = 0.358 for 500 previous iterations
INFO:root:Mean number of bounding boxes from RPN overlapping ground truth boxes: 0.34757981462409887
INFO:root:Classifier accuracy for bounding boxes from RPN: 0.85
INFO:root:Loss RPN classifier: 0.6234804466608782
INFO:root:Loss RPN regression: 0.002480159160862968
INFO:root:Loss Detector classifier: 0.5472704393690558
INFO:root:Loss Detector regression: 0.10378802090682439
INFO:root:Elapsed time: 3621.866756439209
INFO:root:Epoch 17/20
INFO:root:Average number of overlapping bounding boxes from RPN = 0.304 for 500 previous iterations
INFO:root:Average number of overlapping bounding boxes from RPN = 0.35 for 500 previous iterations
INFO:root:Average number of overlapping bounding boxes from RPN = 0.334 for 500 previous iterations
INFO:root:Average number of overlapping bounding boxes from RPN = 0.336 for 500 previous iterations
INFO:root:Average number of overlapping bounding boxes from RPN = 0.358 for 500 previous iterations
INFO:root:Average number of overlapping bounding boxes from RPN = 0.374 for 500 previous iterations
INFO:root:Average number of overlapping bounding boxes from RPN = 0.364 for 500 previous iterations
INFO:root:Average number of overlapping bounding boxes from RPN = 0.35 for 500 previous iterations
INFO:root:Average number of overlapping bounding boxes from RPN = 0.366 for 500 previous iterations
INFO:root:Average number of overlapping bounding boxes from RPN = 0.322 for 500 previous iterations
INFO:root:Average number of overlapping bounding boxes from RPN = 0.38 for 500 previous iterations
INFO:root:Average number of overlapping bounding boxes from RPN = 0.332 for 500 previous iterations
INFO:root:Mean number of bounding boxes from RPN overlapping ground truth boxes: 0.3500174398325776
INFO:root:Classifier accuracy for bounding boxes from RPN: 0.848
INFO:root:Loss RPN classifier: 0.6535278427432006
INFO:root:Loss RPN regression: 0.002617962494514359
INFO:root:Loss Detector classifier: 0.5293398404090488
INFO:root:Loss Detector regression: 0.08231622892664746
INFO:root:Elapsed time: 3564.677221059799
INFO:root:Epoch 18/20
INFO:root:Average number of overlapping bounding boxes from RPN = 0.362 for 500 previous iterations
INFO:root:Average number of overlapping bounding boxes from RPN = 0.364 for 500 previous iterations
INFO:root:Average number of overlapping bounding boxes from RPN = 0.406 for 500 previous iterations
INFO:root:Average number of overlapping bounding boxes from RPN = 0.37 for 500 previous iterations
INFO:root:Average number of overlapping bounding boxes from RPN = 0.356 for 500 previous iterations
INFO:root:Average number of overlapping bounding boxes from RPN = 0.384 for 500 previous iterations
INFO:root:Average number of overlapping bounding boxes from RPN = 0.344 for 500 previous iterations
INFO:root:Average number of overlapping bounding boxes from RPN = 0.45 for 500 previous iterations
INFO:root:Average number of overlapping bounding boxes from RPN = 0.376 for 500 previous iterations
INFO:root:Average number of overlapping bounding boxes from RPN = 0.38 for 500 previous iterations
INFO:root:Mean number of bounding boxes from RPN overlapping ground truth boxes: 0.378039367039753
INFO:root:Classifier accuracy for bounding boxes from RPN: 0.844
INFO:root:Loss RPN classifier: 0.6159687123471367
INFO:root:Loss RPN regression: 0.0027558685030890048
INFO:root:Loss Detector classifier: 0.5499553377585255
INFO:root:Loss Detector regression: 0.0825144527994562
INFO:root:Elapsed time: 3228.412276029587
INFO:root:Epoch 19/20
INFO:root:Average number of overlapping bounding boxes from RPN = 0.37 for 500 previous iterations
INFO:root:Average number of overlapping bounding boxes from RPN = 0.316 for 500 previous iterations
INFO:root:Average number of overlapping bounding boxes from RPN = 0.36 for 500 previous iterations
INFO:root:Average number of overlapping bounding boxes from RPN = 0.376 for 500 previous iterations
INFO:root:Average number of overlapping bounding boxes from RPN = 0.402 for 500 previous iterations
INFO:root:Average number of overlapping bounding boxes from RPN = 0.356 for 500 previous iterations
INFO:root:Average number of overlapping bounding boxes from RPN = 0.34 for 500 previous iterations
INFO:root:Average number of overlapping bounding boxes from RPN = 0.386 for 500 previous iterations
INFO:root:Average number of overlapping bounding boxes from RPN = 0.378 for 500 previous iterations
INFO:root:Average number of overlapping bounding boxes from RPN = 0.418 for 500 previous iterations
INFO:root:Average number of overlapping bounding boxes from RPN = 0.378 for 500 previous iterations
INFO:root:Average number of overlapping bounding boxes from RPN = 0.336 for 500 previous iterations
INFO:root:Mean number of bounding boxes from RPN overlapping ground truth boxes: 0.36766487796434133
INFO:root:Classifier accuracy for bounding boxes from RPN: 0.84125
INFO:root:Loss RPN classifier: 0.6610395086488202
INFO:root:Loss RPN regression: 0.002589066708351311
INFO:root:Loss Detector classifier: 0.585796157513922
INFO:root:Loss Detector regression: 0.10358539551941795
INFO:root:Elapsed time: 3530.40447807312
INFO:root:Epoch 20/20
INFO:root:Average number of overlapping bounding boxes from RPN = 0.346 for 500 previous iterations
INFO:root:Average number of overlapping bounding boxes from RPN = 0.366 for 500 previous iterations
INFO:root:Average number of overlapping bounding boxes from RPN = 0.282 for 500 previous iterations
INFO:root:Average number of overlapping bounding boxes from RPN = 0.394 for 500 previous iterations
INFO:root:Average number of overlapping bounding boxes from RPN = 0.358 for 500 previous iterations
INFO:root:Average number of overlapping bounding boxes from RPN = 0.404 for 500 previous iterations
INFO:root:Average number of overlapping bounding boxes from RPN = 0.33 for 500 previous iterations
INFO:root:Average number of overlapping bounding boxes from RPN = 0.398 for 500 previous iterations
INFO:root:Average number of overlapping bounding boxes from RPN = 0.268 for 500 previous iterations
INFO:root:Average number of overlapping bounding boxes from RPN = 0.348 for 500 previous iterations
INFO:root:Average number of overlapping bounding boxes from RPN = 0.336 for 500 previous iterations
INFO:root:Mean number of bounding boxes from RPN overlapping ground truth boxes: 0.3498776651520447
INFO:root:Classifier accuracy for bounding boxes from RPN: 0.8505
INFO:root:Loss RPN classifier: 0.5859214280988988
INFO:root:Loss RPN regression: 0.0027477971416265063
INFO:root:Loss Detector classifier: 0.5328955990969007
INFO:root:Loss Detector regression: 0.08336387283934164
INFO:root:Elapsed time: 3470.8197209835052
INFO:root:Training complete, exiting.
